<?xml version="1.0" encoding="UTF-8"?>
<!-- Generated by org.testng.reporters.JUnitXMLReporter -->
<testsuite hostname="MacBook-Pro-2" ignored="0" name="Surefire test" tests="3" failures="0" timestamp="2019-12-23T10:51:26 CST" time="12.209" errors="0">
  <testcase name="incorrectPasswordTest" time="5.12" classname="com.appskc.theinternet.NegativeTests"/>
  <testcase name="incorrectUsernameTest" time="3.455" classname="com.appskc.theinternet.NegativeTests"/>
  <testcase name="loginTests" time="3.582" classname="com.appskc.theinternet.PositiveTests"/>
</testsuite> <!-- Surefire test -->
