<?xml version="1.0" encoding="UTF-8"?>
<!-- Generated by org.testng.reporters.JUnitXMLReporter -->
<testsuite hostname="MacBook-Pro-2" ignored="1" name="NegativeUsernameTests" tests="1" failures="0" timestamp="2019-12-23T19:22:14 CST" time="3.162" errors="0">
  <testcase name="negativeLoginTest" time="3.146" classname="com.appskc.theinternet.LoginTests"/>
  <testcase name="positiveLoginTests" time="0.0" classname="com.appskc.theinternet.LoginTests">
    <ignored/>
  </testcase> <!-- positiveLoginTests -->
</testsuite> <!-- NegativeUsernameTests -->
