<?xml version="1.0" encoding="UTF-8"?>
<!-- Generated by org.testng.reporters.JUnitXMLReporter -->
<testsuite hostname="MacBook-Pro-2" ignored="1" name="NegativePasswordTests" tests="1" failures="0" timestamp="2019-12-24T21:18:51 CST" time="7.421" errors="0">
  <testcase name="negativeLoginTest" time="1.36" classname="com.appskc.theinternet.LoginTests"/>
  <testcase name="positiveLoginTests" time="0.0" classname="com.appskc.theinternet.LoginTests">
    <ignored/>
  </testcase> <!-- positiveLoginTests -->
</testsuite> <!-- NegativePasswordTests -->
