<?xml version="1.0" encoding="UTF-8"?>
<!-- Generated by org.testng.reporters.JUnitXMLReporter -->
<testsuite hostname="MacBook-Pro-2" ignored="1" name="NegativeTests" tests="1" failures="0" timestamp="2019-12-23T17:26:58 CST" time="4.122" errors="0">
  <testcase name="incorrectPasswordTest" time="4.036" classname="com.appskc.theinternet.NegativeTests"/>
  <testcase name="incorrectUsernameTest" time="0.0" classname="com.appskc.theinternet.NegativeTests">
    <ignored/>
  </testcase> <!-- incorrectUsernameTest -->
</testsuite> <!-- NegativeTests -->
