<?xml version="1.0" encoding="UTF-8"?>
<!-- Generated by org.testng.reporters.JUnitXMLReporter -->
<testsuite hostname="MacBook-Pro-2" ignored="1" name="PositiveTests" tests="1" failures="0" timestamp="2019-12-24T21:18:41 CST" time="4.087" errors="0">
  <testcase name="positiveLoginTests" time="1.623" classname="com.appskc.theinternet.LoginTests"/>
  <testcase name="negativeLoginTest" time="0.0" classname="com.appskc.theinternet.LoginTests">
    <ignored/>
  </testcase> <!-- negativeLoginTest -->
</testsuite> <!-- PositiveTests -->
