<?xml version="1.0" encoding="UTF-8"?>
<!-- Generated by org.testng.reporters.JUnitXMLReporter -->
<testsuite hostname="MacBook-Pro-2.home" ignored="4" name="ExceptionTests" tests="1" failures="0" timestamp="2019-12-25T18:25:32 CST" time="6.769" errors="0">
  <testcase name="disabledElementTest" time="4.328" classname="com.appskc.theinternet.ExceptionTests"/>
  <testcase name="notVisibleTest" time="0.0" classname="com.appskc.theinternet.ExceptionTests">
    <ignored/>
  </testcase> <!-- notVisibleTest -->
  <testcase name="timeoutTest" time="0.0" classname="com.appskc.theinternet.ExceptionTests">
    <ignored/>
  </testcase> <!-- timeoutTest -->
  <testcase name="staleElementTest" time="0.0" classname="com.appskc.theinternet.ExceptionTests">
    <ignored/>
  </testcase> <!-- staleElementTest -->
  <testcase name="noSuchElementTest" time="0.0" classname="com.appskc.theinternet.ExceptionTests">
    <ignored/>
  </testcase> <!-- noSuchElementTest -->
</testsuite> <!-- ExceptionTests -->
