<?xml version="1.0" encoding="UTF-8"?>
<testng-results skipped="0" failed="0" ignored="0" total="3" passed="3">
  <reporter-output>
  </reporter-output>
  <suite name="Surefire suite" duration-ms="12209" started-at="2019-12-23T10:51:14 CST" finished-at="2019-12-23T10:51:26 CST">
    <groups>
    </groups>
    <test name="Surefire test" duration-ms="12209" started-at="2019-12-23T10:51:14 CST" finished-at="2019-12-23T10:51:26 CST">
      <class name="com.appskc.theinternet.NegativeTests">
        <test-method status="PASS" signature="incorrectPasswordTest()[pri:0, instance:com.appskc.theinternet.NegativeTests@57baeedf]" name="incorrectPasswordTest" duration-ms="5120" started-at="2019-12-23T10:51:14 CST" finished-at="2019-12-23T10:51:19 CST">
          <reporter-output>
          </reporter-output>
        </test-method> <!-- incorrectPasswordTest -->
        <test-method status="PASS" signature="incorrectUsernameTest()[pri:0, instance:com.appskc.theinternet.NegativeTests@57baeedf]" name="incorrectUsernameTest" duration-ms="3455" started-at="2019-12-23T10:51:19 CST" finished-at="2019-12-23T10:51:22 CST">
          <reporter-output>
          </reporter-output>
        </test-method> <!-- incorrectUsernameTest -->
      </class> <!-- com.appskc.theinternet.NegativeTests -->
      <class name="com.appskc.theinternet.PositiveTests">
        <test-method status="PASS" signature="loginTests()[pri:0, instance:com.appskc.theinternet.PositiveTests@343f4d3d]" name="loginTests" duration-ms="3582" started-at="2019-12-23T10:51:22 CST" finished-at="2019-12-23T10:51:26 CST">
          <reporter-output>
          </reporter-output>
        </test-method> <!-- loginTests -->
      </class> <!-- com.appskc.theinternet.PositiveTests -->
    </test> <!-- Surefire test -->
  </suite> <!-- Surefire suite -->
</testng-results>
