<?xml version="1.0" encoding="UTF-8"?>
<testng-results skipped="0" failed="0" ignored="4" total="5" passed="1">
  <reporter-output>
  </reporter-output>
  <suite name="ExceptionTestsSuite" duration-ms="6769" started-at="2019-12-25T18:25:25 CST" finished-at="2019-12-25T18:25:32 CST">
    <groups>
    </groups>
    <test name="ExceptionTests" duration-ms="6769" started-at="2019-12-25T18:25:25 CST" finished-at="2019-12-25T18:25:32 CST">
      <class name="com.appskc.theinternet.ExceptionTests">
        <test-method status="PASS" signature="setUp(java.lang.String)[pri:0, instance:com.appskc.theinternet.ExceptionTests@6321e813]" name="setUp" is-config="true" duration-ms="2186" started-at="2019-12-25T18:25:25 CST" finished-at="2019-12-25T18:25:28 CST">
          <params>
            <param index="0">
              <value>
                <![CDATA[chrome]]>
              </value>
            </param>
          </params>
          <reporter-output>
          </reporter-output>
        </test-method> <!-- setUp -->
        <test-method status="PASS" signature="disabledElementTest()[pri:0, instance:com.appskc.theinternet.ExceptionTests@6321e813]" name="disabledElementTest" duration-ms="4328" started-at="2019-12-25T18:25:28 CST" finished-at="2019-12-25T18:25:32 CST">
          <reporter-output>
          </reporter-output>
        </test-method> <!-- disabledElementTest -->
        <test-method status="PASS" signature="tearDown()[pri:0, instance:com.appskc.theinternet.ExceptionTests@6321e813]" name="tearDown" is-config="true" duration-ms="203" started-at="2019-12-25T18:25:32 CST" finished-at="2019-12-25T18:25:32 CST">
          <reporter-output>
          </reporter-output>
        </test-method> <!-- tearDown -->
      </class> <!-- com.appskc.theinternet.ExceptionTests -->
    </test> <!-- ExceptionTests -->
  </suite> <!-- ExceptionTestsSuite -->
</testng-results>
