<?xml version="1.0" encoding="UTF-8"?>
<testng-results skipped="0" failed="0" ignored="3" total="6" passed="3">
  <reporter-output>
  </reporter-output>
  <suite name="NegativeTestsSuite" duration-ms="20715" started-at="2019-12-23T19:22:01 CST" finished-at="2019-12-23T19:22:22 CST">
    <groups>
      <group name="positiveTests">
        <method signature="LoginTests.positiveLoginTests()[pri:1, instance:com.appskc.theinternet.LoginTests@35d176f7]" name="positiveLoginTests" class="com.appskc.theinternet.LoginTests"/>
      </group> <!-- positiveTests -->
      <group name="smokeTests">
        <method signature="LoginTests.positiveLoginTests()[pri:1, instance:com.appskc.theinternet.LoginTests@35d176f7]" name="positiveLoginTests" class="com.appskc.theinternet.LoginTests"/>
        <method signature="LoginTests.negativeLoginTest(java.lang.String, java.lang.String, java.lang.String)[pri:2, instance:com.appskc.theinternet.LoginTests@1c3a4799]" name="negativeLoginTest" class="com.appskc.theinternet.LoginTests"/>
        <method signature="LoginTests.negativeLoginTest(java.lang.String, java.lang.String, java.lang.String)[pri:2, instance:com.appskc.theinternet.LoginTests@51cdd8a]" name="negativeLoginTest" class="com.appskc.theinternet.LoginTests"/>
      </group> <!-- smokeTests -->
      <group name="negativeTests">
        <method signature="LoginTests.negativeLoginTest(java.lang.String, java.lang.String, java.lang.String)[pri:2, instance:com.appskc.theinternet.LoginTests@1c3a4799]" name="negativeLoginTest" class="com.appskc.theinternet.LoginTests"/>
        <method signature="LoginTests.negativeLoginTest(java.lang.String, java.lang.String, java.lang.String)[pri:2, instance:com.appskc.theinternet.LoginTests@51cdd8a]" name="negativeLoginTest" class="com.appskc.theinternet.LoginTests"/>
      </group> <!-- negativeTests -->
    </groups>
    <test name="PositiveTests" duration-ms="9180" started-at="2019-12-23T19:22:01 CST" finished-at="2019-12-23T19:22:10 CST">
      <class name="com.appskc.theinternet.LoginTests">
        <test-method status="PASS" signature="positiveLoginTests()[pri:1, instance:com.appskc.theinternet.LoginTests@35d176f7]" name="positiveLoginTests" duration-ms="9128" started-at="2019-12-23T19:22:01 CST" finished-at="2019-12-23T19:22:10 CST">
          <reporter-output>
          </reporter-output>
        </test-method> <!-- positiveLoginTests -->
      </class> <!-- com.appskc.theinternet.LoginTests -->
    </test> <!-- PositiveTests -->
    <test name="NegativeUsernameTests" duration-ms="3162" started-at="2019-12-23T19:22:11 CST" finished-at="2019-12-23T19:22:14 CST">
      <class name="com.appskc.theinternet.LoginTests">
        <test-method status="PASS" signature="negativeLoginTest(java.lang.String, java.lang.String, java.lang.String)[pri:2, instance:com.appskc.theinternet.LoginTests@1c3a4799]" name="negativeLoginTest" duration-ms="3146" started-at="2019-12-23T19:22:11 CST" finished-at="2019-12-23T19:22:14 CST">
          <params>
            <param index="0">
              <value>
                <![CDATA[incorrectUsername]]>
              </value>
            </param>
            <param index="1">
              <value>
                <![CDATA[SuperSecretPassword!]]>
              </value>
            </param>
            <param index="2">
              <value>
                <![CDATA[Your username is invalid!]]>
              </value>
            </param>
          </params>
          <reporter-output>
          </reporter-output>
        </test-method> <!-- negativeLoginTest -->
      </class> <!-- com.appskc.theinternet.LoginTests -->
    </test> <!-- NegativeUsernameTests -->
    <test name="NegativePasswordTests" duration-ms="8275" started-at="2019-12-23T19:22:14 CST" finished-at="2019-12-23T19:22:22 CST">
      <class name="com.appskc.theinternet.LoginTests">
        <test-method status="PASS" signature="negativeLoginTest(java.lang.String, java.lang.String, java.lang.String)[pri:2, instance:com.appskc.theinternet.LoginTests@51cdd8a]" name="negativeLoginTest" duration-ms="8273" started-at="2019-12-23T19:22:14 CST" finished-at="2019-12-23T19:22:22 CST">
          <params>
            <param index="0">
              <value>
                <![CDATA[tomsmith]]>
              </value>
            </param>
            <param index="1">
              <value>
                <![CDATA[IncorrectPassword]]>
              </value>
            </param>
            <param index="2">
              <value>
                <![CDATA[Your password is invalid!]]>
              </value>
            </param>
          </params>
          <reporter-output>
          </reporter-output>
        </test-method> <!-- negativeLoginTest -->
      </class> <!-- com.appskc.theinternet.LoginTests -->
    </test> <!-- NegativePasswordTests -->
  </suite> <!-- NegativeTestsSuite -->
</testng-results>
